beagle.28Jun21.220.jar (version 5.2)
Copyright (C) 2014-2021 Brian L. Browning
Enter "java -jar beagle.28Jun21.220.jar" to list command line argument
Start time: 11:00 AM PST on 10 Jan 2022

Command line: java -Xmx1024m -jar beagle.28Jun21.220.jar
  gt=./inputs/masking/5_inputs/LG2_1_inputs//cleaned_genotypes.vcf
  out=/Users/lilybhattacharjee/Documents/beagle/outputs/masking/5_outputs/5_phased_genotypes
  map=./inputs/masking/5_inputs/LG2_1_inputs//strawberry.map
  ne=11561

Reference samples:                    0
Study     samples:                  999

Window 1 [LG2_1:356150-26617726]
Reference markers:                   54
Study     markers:                   54

Burnin  iteration 1:           1 second
Burnin  iteration 2:           0 seconds
Burnin  iteration 3:           0 seconds

Estimated ne:                  69497

Phasing iteration 1:           0 seconds
Phasing iteration 2:           0 seconds
Phasing iteration 3:           0 seconds
Phasing iteration 4:           0 seconds
Phasing iteration 5:           0 seconds
Phasing iteration 6:           0 seconds
Phasing iteration 7:           0 seconds
Phasing iteration 8:           0 seconds
Phasing iteration 9:           0 seconds
Phasing iteration 10:          0 seconds
Phasing iteration 11:          0 seconds
Phasing iteration 12:          0 seconds

Cumulative Statistics:

Study     markers:                   54

Haplotype phasing time:        2 seconds
Total time:                    2 seconds

End time: 11:00 AM PST on 10 Jan 2022
beagle.28Jun21.220.jar finished
