beagle.28Jun21.220.jar (version 5.2)
Copyright (C) 2014-2021 Brian L. Browning
Enter "java -jar beagle.28Jun21.220.jar" to list command line argument
Start time: 11:04 AM PST on 10 Jan 2022

Command line: java -Xmx1024m -jar beagle.28Jun21.220.jar
  gt=./inputs/masking/9_inputs/LG1_3_inputs//cleaned_genotypes.vcf
  out=/Users/lilybhattacharjee/Documents/beagle/outputs/masking/9_outputs/3_phased_genotypes
  map=./inputs/masking/9_inputs/LG1_3_inputs//strawberry.map
  ne=11561

Reference samples:                    0
Study     samples:                  999

Window 1 [LG1_3:670225-25167875]
Reference markers:                   31
Study     markers:                   31

Burnin  iteration 1:           0 seconds
Burnin  iteration 2:           0 seconds
Burnin  iteration 3:           0 seconds

Estimated ne:                  86647

Phasing iteration 1:           0 seconds
Phasing iteration 2:           0 seconds
Phasing iteration 3:           0 seconds
Phasing iteration 4:           0 seconds
Phasing iteration 5:           0 seconds
Phasing iteration 6:           0 seconds
Phasing iteration 7:           0 seconds
Phasing iteration 8:           0 seconds
Phasing iteration 9:           0 seconds
Phasing iteration 10:          0 seconds
Phasing iteration 11:          0 seconds
Phasing iteration 12:          0 seconds

Cumulative Statistics:

Study     markers:                   31

Haplotype phasing time:        1 second
Total time:                    1 second

End time: 11:04 AM PST on 10 Jan 2022
beagle.28Jun21.220.jar finished
