beagle.28Jun21.220.jar (version 5.2)
Copyright (C) 2014-2021 Brian L. Browning
Enter "java -jar beagle.28Jun21.220.jar" to list command line argument
Start time: 11:02 AM PST on 10 Jan 2022

Command line: java -Xmx1024m -jar beagle.28Jun21.220.jar
  gt=./inputs/masking/7_inputs/LG5_1_inputs//cleaned_genotypes.vcf
  out=/Users/lilybhattacharjee/Documents/beagle/outputs/masking/7_outputs/17_phased_genotypes
  map=./inputs/masking/7_inputs/LG5_1_inputs//strawberry.map
  ne=11561

Reference samples:                    0
Study     samples:                  999

Window 1 [LG5_1:56821-28498975]
Reference markers:                   57
Study     markers:                   57

Burnin  iteration 1:           1 second
Burnin  iteration 2:           0 seconds
Burnin  iteration 3:           0 seconds

Estimated ne:                  120695

Phasing iteration 1:           0 seconds
Phasing iteration 2:           0 seconds
Phasing iteration 3:           0 seconds
Phasing iteration 4:           0 seconds
Phasing iteration 5:           0 seconds
Phasing iteration 6:           0 seconds
Phasing iteration 7:           0 seconds
Phasing iteration 8:           0 seconds
Phasing iteration 9:           0 seconds
Phasing iteration 10:          0 seconds
Phasing iteration 11:          0 seconds
Phasing iteration 12:          0 seconds

Cumulative Statistics:

Study     markers:                   57

Haplotype phasing time:        2 seconds
Total time:                    2 seconds

End time: 11:02 AM PST on 10 Jan 2022
beagle.28Jun21.220.jar finished
