beagle.28Jun21.220.jar (version 5.2)
Copyright (C) 2014-2021 Brian L. Browning
Enter "java -jar beagle.28Jun21.220.jar" to list command line argument
Start time: 10:57 AM PST on 10 Jan 2022

Command line: java -Xmx1024m -jar beagle.28Jun21.220.jar
  gt=./inputs/masking/1_inputs/LG7_3_inputs//cleaned_genotypes.vcf
  out=/Users/lilybhattacharjee/Documents/beagle/outputs/masking/1_outputs/27_phased_genotypes
  map=./inputs/masking/1_inputs/LG7_3_inputs//strawberry.map
  ne=11561

Reference samples:                    0
Study     samples:                  999

Window 1 [LG7_3:655664-23211355]
Reference markers:                   42
Study     markers:                   42

Burnin  iteration 1:           0 seconds
Burnin  iteration 2:           0 seconds
Burnin  iteration 3:           0 seconds

Estimated ne:                  69610

Phasing iteration 1:           0 seconds
Phasing iteration 2:           0 seconds
Phasing iteration 3:           0 seconds
Phasing iteration 4:           0 seconds
Phasing iteration 5:           0 seconds
Phasing iteration 6:           0 seconds
Phasing iteration 7:           0 seconds
Phasing iteration 8:           0 seconds
Phasing iteration 9:           0 seconds
Phasing iteration 10:          0 seconds
Phasing iteration 11:          0 seconds
Phasing iteration 12:          0 seconds

Cumulative Statistics:

Study     markers:                   42

Haplotype phasing time:        1 second
Total time:                    2 seconds

End time: 10:58 AM PST on 10 Jan 2022
beagle.28Jun21.220.jar finished
